Copyright 1986-2018 Xilinx, Inc. All Rights Reserved.
----------------------------------------------------------------------------------------------------------------------------------------------------
| Tool Version     : Vivado v.2018.2 (win64) Build 2258646 Thu Jun 14 20:03:12 MDT 2018
| Date             : Tue Apr 21 20:23:36 2020
| Host             : DESKTOP-9CHGBR2 running 64-bit major release  (build 9200)
| Command          : report_power -file top_module_power_routed.rpt -pb top_module_power_summary_routed.pb -rpx top_module_power_routed.rpx
| Design           : top_module
| Device           : xc7z010clg400-1
| Design State     : routed
| Grade            : commercial
| Process          : typical
| Characterization : Production
----------------------------------------------------------------------------------------------------------------------------------------------------

Power Report

Table of Contents
-----------------
1. Summary
1.1 On-Chip Components
1.2 Power Supply Summary
1.3 Confidence Level
2. Settings
2.1 Environment
2.2 Clock Constraints
3. Detailed Reports
3.1 By Hierarchy

1. Summary
----------

+--------------------------+---------------------------------+
| Total On-Chip Power (W)  | 7.938 (Junction temp exceeded!) |
| Design Power Budget (W)  | Unspecified*                    |
| Power Budget Margin (W)  | NA                              |
| Dynamic (W)              | 7.364                           |
| Device Static (W)        | 0.574                           |
| Effective TJA (C/W)      | 11.5                            |
| Max Ambient (C)          | 0.0                             |
| Junction Temperature (C) | 116.5                           |
| Confidence Level         | Low                             |
| Setting File             | ---                             |
| Simulation Activity File | ---                             |
| Design Nets Matched      | NA                              |
+--------------------------+---------------------------------+
* Specify Design Power Budget using, set_operating_conditions -design_power_budget <value in Watts>


1.1 On-Chip Components
----------------------

+----------------+-----------+----------+-----------+-----------------+
| On-Chip        | Power (W) | Used     | Available | Utilization (%) |
+----------------+-----------+----------+-----------+-----------------+
| Slice Logic    |     1.486 |     1076 |       --- |             --- |
|   LUT as Logic |     1.395 |      749 |     17600 |            4.26 |
|   CARRY4       |     0.031 |       16 |      4400 |            0.36 |
|   BUFG         |     0.029 |        2 |        32 |            6.25 |
|   Register     |     0.019 |      146 |     35200 |            0.41 |
|   F7/F8 Muxes  |     0.012 |       36 |     17600 |            0.20 |
|   Others       |     0.000 |        2 |       --- |             --- |
| Signals        |     1.029 |      930 |       --- |             --- |
| I/O            |     4.849 |       11 |       100 |           11.00 |
| Static Power   |     0.574 |          |           |                 |
| Total          |     7.938 |          |           |                 |
+----------------+-----------+----------+-----------+-----------------+


1.2 Power Supply Summary
------------------------

+-----------+-------------+-----------+-------------+------------+
| Source    | Voltage (V) | Total (A) | Dynamic (A) | Static (A) |
+-----------+-------------+-----------+-------------+------------+
| Vccint    |       1.000 |     2.637 |       2.539 |      0.098 |
| Vccaux    |       1.800 |     0.210 |       0.177 |      0.033 |
| Vcco33    |       3.300 |     1.367 |       1.366 |      0.001 |
| Vcco25    |       2.500 |     0.000 |       0.000 |      0.000 |
| Vcco18    |       1.800 |     0.000 |       0.000 |      0.000 |
| Vcco15    |       1.500 |     0.000 |       0.000 |      0.000 |
| Vcco135   |       1.350 |     0.000 |       0.000 |      0.000 |
| Vcco12    |       1.200 |     0.000 |       0.000 |      0.000 |
| Vccaux_io |       1.800 |     0.000 |       0.000 |      0.000 |
| Vccbram   |       1.000 |     0.007 |       0.000 |      0.007 |
| MGTAVcc   |       1.000 |     0.000 |       0.000 |      0.000 |
| MGTAVtt   |       1.200 |     0.000 |       0.000 |      0.000 |
| MGTVccaux |       1.800 |     0.000 |       0.000 |      0.000 |
| Vccpint   |       1.000 |     0.346 |       0.000 |      0.346 |
| Vccpaux   |       1.800 |     0.010 |       0.000 |      0.010 |
| Vccpll    |       1.800 |     0.003 |       0.000 |      0.003 |
| Vcco_ddr  |       1.500 |     0.000 |       0.000 |      0.000 |
| Vcco_mio0 |       1.800 |     0.000 |       0.000 |      0.000 |
| Vcco_mio1 |       1.800 |     0.000 |       0.000 |      0.000 |
| Vccadc    |       1.800 |     0.020 |       0.000 |      0.020 |
+-----------+-------------+-----------+-------------+------------+


1.3 Confidence Level
--------------------

+-----------------------------+------------+--------------------------------------------------------+--------------------------------------------------------------------------------------------------------------------+
| User Input Data             | Confidence | Details                                                | Action                                                                                                             |
+-----------------------------+------------+--------------------------------------------------------+--------------------------------------------------------------------------------------------------------------------+
| Design implementation state | High       | Design is routed                                       |                                                                                                                    |
| Clock nodes activity        | Low        | User specified less than 75% of clocks                 | Provide missing clock activity with a constraint file, simulation results or by editing the "By Clock Domain" view |
| I/O nodes activity          | Low        | More than 75% of inputs are missing user specification | Provide missing input activity with simulation results or by editing the "By Resource Type -> I/Os" view           |
| Internal nodes activity     | Medium     | User specified less than 25% of internal nodes         | Provide missing internal nodes activity with simulation results or by editing the "By Resource Type" views         |
| Device models               | High       | Device models are Production                           |                                                                                                                    |
|                             |            |                                                        |                                                                                                                    |
| Overall confidence level    | Low        |                                                        |                                                                                                                    |
+-----------------------------+------------+--------------------------------------------------------+--------------------------------------------------------------------------------------------------------------------+


2. Settings
-----------

2.1 Environment
---------------

+-----------------------+------------------------+
| Ambient Temp (C)      | 25.0                   |
| ThetaJA (C/W)         | 11.5                   |
| Airflow (LFM)         | 250                    |
| Heat Sink             | none                   |
| ThetaSA (C/W)         | 0.0                    |
| Board Selection       | medium (10"x10")       |
| # of Board Layers     | 8to11 (8 to 11 Layers) |
| Board Temperature (C) | 25.0                   |
+-----------------------+------------------------+


2.2 Clock Constraints
---------------------

+-------+--------+-----------------+
| Clock | Domain | Constraint (ns) |
+-------+--------+-----------------+


3. Detailed Reports
-------------------

3.1 By Hierarchy
----------------

+---------------------+-----------+
| Name                | Power (W) |
+---------------------+-----------+
| top_module          |     7.364 |
|   roSet1            |     0.118 |
|   roSet2            |     0.068 |
|   ro_blocks[0].ro1  |     0.009 |
|     NAND0           |     0.002 |
|     NOT1            |     0.001 |
|     NOT2            |     0.001 |
|     NOT3            |     0.001 |
|     NOT4            |     0.004 |
|   ro_blocks[0].ro2  |     0.009 |
|     NAND0           |     0.001 |
|     NOT1            |     0.001 |
|     NOT2            |     0.001 |
|     NOT3            |     0.001 |
|     NOT4            |     0.004 |
|   ro_blocks[10].ro1 |     0.010 |
|     NAND0           |     0.002 |
|     NOT1            |     0.001 |
|     NOT2            |     0.001 |
|     NOT3            |     0.001 |
|     NOT4            |     0.004 |
|   ro_blocks[10].ro2 |     0.009 |
|     NAND0           |     0.002 |
|     NOT1            |     0.001 |
|     NOT2            |     0.001 |
|     NOT3            |     0.001 |
|     NOT4            |     0.004 |
|   ro_blocks[11].ro1 |     0.009 |
|     NAND0           |     0.001 |
|     NOT1            |     0.001 |
|     NOT2            |     0.001 |
|     NOT3            |     0.001 |
|     NOT4            |     0.004 |
|   ro_blocks[11].ro2 |     0.009 |
|     NAND0           |     0.001 |
|     NOT1            |     0.001 |
|     NOT2            |     0.001 |
|     NOT3            |     0.001 |
|     NOT4            |     0.004 |
|   ro_blocks[12].ro1 |     0.009 |
|     NAND0           |     0.001 |
|     NOT1            |     0.001 |
|     NOT2            |     0.001 |
|     NOT3            |     0.001 |
|     NOT4            |     0.004 |
|   ro_blocks[12].ro2 |     0.009 |
|     NAND0           |     0.002 |
|     NOT1            |     0.001 |
|     NOT2            |     0.001 |
|     NOT3            |     0.001 |
|     NOT4            |     0.004 |
|   ro_blocks[13].ro1 |     0.009 |
|     NAND0           |     0.002 |
|     NOT1            |     0.001 |
|     NOT2            |     0.001 |
|     NOT3            |     0.001 |
|     NOT4            |     0.003 |
|   ro_blocks[13].ro2 |     0.009 |
|     NAND0           |     0.002 |
|     NOT1            |     0.001 |
|     NOT2            |     0.001 |
|     NOT3            |     0.001 |
|     NOT4            |     0.004 |
|   ro_blocks[14].ro1 |     0.009 |
|     NAND0           |     0.002 |
|     NOT1            |     0.001 |
|     NOT2            |     0.001 |
|     NOT3            |     0.001 |
|     NOT4            |     0.004 |
|   ro_blocks[14].ro2 |     0.010 |
|     NAND0           |     0.002 |
|     NOT1            |     0.001 |
|     NOT2            |     0.001 |
|     NOT3            |     0.001 |
|     NOT4            |     0.004 |
|   ro_blocks[15].ro1 |     0.009 |
|     NAND0           |     0.001 |
|     NOT1            |     0.001 |
|     NOT2            |     0.001 |
|     NOT3            |     0.001 |
|     NOT4            |     0.004 |
|   ro_blocks[15].ro2 |     0.009 |
|     NAND0           |     0.001 |
|     NOT1            |     0.001 |
|     NOT2            |     0.001 |
|     NOT3            |     0.001 |
|     NOT4            |     0.004 |
|   ro_blocks[16].ro1 |     0.009 |
|     NAND0           |     0.001 |
|     NOT1            |     0.001 |
|     NOT2            |     0.001 |
|     NOT3            |     0.001 |
|     NOT4            |     0.004 |
|   ro_blocks[16].ro2 |     0.010 |
|     NAND0           |     0.002 |
|     NOT1            |     0.001 |
|     NOT2            |     0.001 |
|     NOT3            |     0.001 |
|     NOT4            |     0.004 |
|   ro_blocks[17].ro1 |     0.009 |
|     NAND0           |     0.001 |
|     NOT1            |     0.001 |
|     NOT2            |     0.001 |
|     NOT3            |     0.001 |
|     NOT4            |     0.004 |
|   ro_blocks[17].ro2 |     0.009 |
|     NAND0           |     0.001 |
|     NOT1            |     0.001 |
|     NOT2            |     0.001 |
|     NOT3            |     0.001 |
|     NOT4            |     0.004 |
|   ro_blocks[18].ro1 |     0.009 |
|     NAND0           |     0.001 |
|     NOT1            |     0.001 |
|     NOT2            |     0.001 |
|     NOT3            |     0.001 |
|     NOT4            |     0.004 |
|   ro_blocks[18].ro2 |     0.009 |
|     NAND0           |     0.002 |
|     NOT1            |     0.001 |
|     NOT2            |     0.001 |
|     NOT3            |     0.001 |
|     NOT4            |     0.004 |
|   ro_blocks[19].ro1 |     0.009 |
|     NAND0           |     0.002 |
|     NOT1            |     0.001 |
|     NOT2            |     0.001 |
|     NOT3            |     0.001 |
|     NOT4            |     0.003 |
|   ro_blocks[19].ro2 |     0.009 |
|     NAND0           |     0.002 |
|     NOT1            |     0.001 |
|     NOT2            |     0.001 |
|     NOT3            |     0.001 |
|     NOT4            |     0.004 |
|   ro_blocks[1].ro1  |     0.009 |
|     NAND0           |     0.001 |
|     NOT1            |     0.001 |
|     NOT2            |     0.001 |
|     NOT3            |     0.001 |
|     NOT4            |     0.004 |
|   ro_blocks[1].ro2  |     0.009 |
|     NAND0           |     0.002 |
|     NOT1            |     0.001 |
|     NOT2            |     0.001 |
|     NOT3            |     0.001 |
|     NOT4            |     0.004 |
|   ro_blocks[20].ro1 |     0.010 |
|     NAND0           |     0.002 |
|     NOT1            |     0.001 |
|     NOT2            |     0.001 |
|     NOT3            |     0.001 |
|     NOT4            |     0.004 |
|   ro_blocks[20].ro2 |     0.010 |
|     NAND0           |     0.002 |
|     NOT1            |     0.001 |
|     NOT2            |     0.001 |
|     NOT3            |     0.001 |
|     NOT4            |     0.004 |
|   ro_blocks[21].ro1 |     0.010 |
|     NAND0           |     0.002 |
|     NOT1            |     0.001 |
|     NOT2            |     0.001 |
|     NOT3            |     0.001 |
|     NOT4            |     0.004 |
|   ro_blocks[21].ro2 |     0.010 |
|     NAND0           |     0.002 |
|     NOT1            |     0.001 |
|     NOT2            |     0.001 |
|     NOT3            |     0.001 |
|     NOT4            |     0.004 |
|   ro_blocks[22].ro1 |     0.010 |
|     NAND0           |     0.002 |
|     NOT1            |     0.001 |
|     NOT2            |     0.001 |
|     NOT3            |     0.001 |
|     NOT4            |     0.004 |
|   ro_blocks[22].ro2 |     0.009 |
|     NAND0           |     0.002 |
|     NOT1            |     0.001 |
|     NOT2            |     0.001 |
|     NOT3            |     0.001 |
|     NOT4            |     0.004 |
|   ro_blocks[23].ro1 |     0.009 |
|     NAND0           |     0.001 |
|     NOT1            |     0.001 |
|     NOT2            |     0.001 |
|     NOT3            |     0.001 |
|     NOT4            |     0.004 |
|   ro_blocks[23].ro2 |     0.009 |
|     NAND0           |     0.001 |
|     NOT1            |     0.001 |
|     NOT2            |     0.001 |
|     NOT3            |     0.001 |
|     NOT4            |     0.004 |
|   ro_blocks[24].ro1 |     0.009 |
|     NAND0           |     0.001 |
|     NOT1            |     0.001 |
|     NOT2            |     0.001 |
|     NOT3            |     0.001 |
|     NOT4            |     0.004 |
|   ro_blocks[24].ro2 |     0.009 |
|     NAND0           |     0.002 |
|     NOT1            |     0.001 |
|     NOT2            |     0.001 |
|     NOT3            |     0.001 |
|     NOT4            |     0.003 |
|   ro_blocks[25].ro1 |     0.009 |
|     NAND0           |     0.001 |
|     NOT1            |     0.001 |
|     NOT2            |     0.001 |
|     NOT3            |     0.001 |
|     NOT4            |     0.004 |
|   ro_blocks[25].ro2 |     0.010 |
|     NAND0           |     0.002 |
|     NOT1            |     0.001 |
|     NOT2            |     0.001 |
|     NOT3            |     0.001 |
|     NOT4            |     0.004 |
|   ro_blocks[26].ro1 |     0.010 |
|     NAND0           |     0.002 |
|     NOT1            |     0.001 |
|     NOT2            |     0.001 |
|     NOT3            |     0.001 |
|     NOT4            |     0.004 |
|   ro_blocks[26].ro2 |     0.009 |
|     NAND0           |     0.001 |
|     NOT1            |     0.001 |
|     NOT2            |     0.001 |
|     NOT3            |     0.001 |
|     NOT4            |     0.004 |
|   ro_blocks[27].ro1 |     0.009 |
|     NAND0           |     0.001 |
|     NOT1            |     0.001 |
|     NOT2            |     0.001 |
|     NOT3            |     0.001 |
|     NOT4            |     0.004 |
|   ro_blocks[27].ro2 |     0.008 |
|     NAND0           |     0.001 |
|     NOT1            |     0.001 |
|     NOT2            |     0.001 |
|     NOT3            |     0.001 |
|     NOT4            |     0.003 |
|   ro_blocks[28].ro1 |     0.010 |
|     NAND0           |     0.002 |
|     NOT1            |     0.001 |
|     NOT2            |     0.001 |
|     NOT3            |     0.001 |
|     NOT4            |     0.004 |
|   ro_blocks[28].ro2 |     0.009 |
|     NAND0           |     0.002 |
|     NOT1            |     0.001 |
|     NOT2            |     0.001 |
|     NOT3            |     0.001 |
|     NOT4            |     0.004 |
|   ro_blocks[29].ro1 |     0.009 |
|     NAND0           |     0.001 |
|     NOT1            |     0.001 |
|     NOT2            |     0.001 |
|     NOT3            |     0.001 |
|     NOT4            |     0.004 |
|   ro_blocks[29].ro2 |     0.010 |
|     NAND0           |     0.002 |
|     NOT1            |     0.001 |
|     NOT2            |     0.001 |
|     NOT3            |     0.001 |
|     NOT4            |     0.004 |
|   ro_blocks[2].ro1  |     0.010 |
|     NAND0           |     0.002 |
|     NOT1            |     0.002 |
|     NOT2            |     0.001 |
|     NOT3            |     0.001 |
|     NOT4            |     0.004 |
|   ro_blocks[2].ro2  |     0.010 |
|     NAND0           |     0.002 |
|     NOT1            |     0.001 |
|     NOT2            |     0.001 |
|     NOT3            |     0.001 |
|     NOT4            |     0.004 |
|   ro_blocks[30].ro1 |     0.009 |
|     NAND0           |     0.001 |
|     NOT1            |     0.001 |
|     NOT2            |     0.001 |
|     NOT3            |     0.001 |
|     NOT4            |     0.004 |
|   ro_blocks[30].ro2 |     0.009 |
|     NAND0           |     0.001 |
|     NOT1            |     0.001 |
|     NOT2            |     0.001 |
|     NOT3            |     0.001 |
|     NOT4            |     0.004 |
|   ro_blocks[31].ro1 |     0.009 |
|     NAND0           |     0.002 |
|     NOT1            |     0.001 |
|     NOT2            |     0.001 |
|     NOT3            |     0.001 |
|     NOT4            |     0.004 |
|   ro_blocks[31].ro2 |     0.009 |
|     NAND0           |     0.001 |
|     NOT1            |     0.001 |
|     NOT2            |     0.001 |
|     NOT3            |     0.001 |
|     NOT4            |     0.004 |
|   ro_blocks[32].ro1 |     0.010 |
|     NAND0           |     0.002 |
|     NOT1            |     0.002 |
|     NOT2            |     0.001 |
|     NOT3            |     0.002 |
|     NOT4            |     0.003 |
|   ro_blocks[32].ro2 |     0.009 |
|     NAND0           |     0.001 |
|     NOT1            |     0.001 |
|     NOT2            |     0.001 |
|     NOT3            |     0.001 |
|     NOT4            |     0.004 |
|   ro_blocks[33].ro1 |     0.010 |
|     NAND0           |     0.002 |
|     NOT1            |     0.001 |
|     NOT2            |     0.001 |
|     NOT3            |     0.001 |
|     NOT4            |     0.004 |
|   ro_blocks[33].ro2 |     0.009 |
|     NAND0           |     0.001 |
|     NOT1            |     0.001 |
|     NOT2            |     0.001 |
|     NOT3            |     0.001 |
|     NOT4            |     0.004 |
|   ro_blocks[34].ro1 |     0.009 |
|     NAND0           |     0.001 |
|     NOT1            |     0.001 |
|     NOT2            |     0.001 |
|     NOT3            |     0.001 |
|     NOT4            |     0.004 |
|   ro_blocks[34].ro2 |     0.010 |
|     NAND0           |     0.002 |
|     NOT1            |     0.001 |
|     NOT2            |     0.001 |
|     NOT3            |     0.001 |
|     NOT4            |     0.004 |
|   ro_blocks[35].ro1 |     0.009 |
|     NAND0           |     0.001 |
|     NOT1            |     0.001 |
|     NOT2            |     0.001 |
|     NOT3            |     0.001 |
|     NOT4            |     0.004 |
|   ro_blocks[35].ro2 |     0.009 |
|     NAND0           |     0.002 |
|     NOT1            |     0.001 |
|     NOT2            |     0.001 |
|     NOT3            |     0.001 |
|     NOT4            |     0.004 |
|   ro_blocks[36].ro1 |     0.009 |
|     NAND0           |     0.001 |
|     NOT1            |     0.001 |
|     NOT2            |     0.001 |
|     NOT3            |     0.001 |
|     NOT4            |     0.004 |
|   ro_blocks[36].ro2 |     0.009 |
|     NAND0           |     0.002 |
|     NOT1            |     0.001 |
|     NOT2            |     0.001 |
|     NOT3            |     0.001 |
|     NOT4            |     0.004 |
|   ro_blocks[37].ro1 |     0.009 |
|     NAND0           |     0.001 |
|     NOT1            |     0.001 |
|     NOT2            |     0.001 |
|     NOT3            |     0.001 |
|     NOT4            |     0.004 |
|   ro_blocks[37].ro2 |     0.009 |
|     NAND0           |     0.001 |
|     NOT1            |     0.001 |
|     NOT2            |     0.001 |
|     NOT3            |     0.001 |
|     NOT4            |     0.004 |
|   ro_blocks[38].ro1 |     0.009 |
|     NAND0           |     0.002 |
|     NOT1            |     0.001 |
|     NOT2            |     0.001 |
|     NOT3            |     0.001 |
|     NOT4            |     0.004 |
|   ro_blocks[38].ro2 |     0.009 |
|     NAND0           |     0.001 |
|     NOT1            |     0.001 |
|     NOT2            |     0.001 |
|     NOT3            |     0.001 |
|     NOT4            |     0.004 |
|   ro_blocks[39].ro1 |     0.009 |
|     NAND0           |     0.001 |
|     NOT1            |     0.001 |
|     NOT2            |     0.001 |
|     NOT3            |     0.001 |
|     NOT4            |     0.004 |
|   ro_blocks[39].ro2 |     0.009 |
|     NAND0           |     0.001 |
|     NOT1            |     0.001 |
|     NOT2            |     0.001 |
|     NOT3            |     0.001 |
|     NOT4            |     0.004 |
|   ro_blocks[3].ro1  |     0.010 |
|     NAND0           |     0.002 |
|     NOT1            |     0.001 |
|     NOT2            |     0.001 |
|     NOT3            |     0.001 |
|     NOT4            |     0.004 |
|   ro_blocks[3].ro2  |     0.010 |
|     NAND0           |     0.002 |
|     NOT1            |     0.002 |
|     NOT2            |     0.001 |
|     NOT3            |     0.002 |
|     NOT4            |     0.002 |
|   ro_blocks[40].ro1 |     0.009 |
|     NAND0           |     0.001 |
|     NOT1            |     0.001 |
|     NOT2            |     0.001 |
|     NOT3            |     0.001 |
|     NOT4            |     0.004 |
|   ro_blocks[40].ro2 |     0.009 |
|     NAND0           |     0.002 |
|     NOT1            |     0.001 |
|     NOT2            |     0.001 |
|     NOT3            |     0.001 |
|     NOT4            |     0.004 |
|   ro_blocks[41].ro1 |     0.009 |
|     NAND0           |     0.001 |
|     NOT1            |     0.001 |
|     NOT2            |     0.001 |
|     NOT3            |     0.001 |
|     NOT4            |     0.004 |
|   ro_blocks[41].ro2 |     0.010 |
|     NAND0           |     0.002 |
|     NOT1            |     0.001 |
|     NOT2            |     0.001 |
|     NOT3            |     0.003 |
|     NOT4            |     0.003 |
|   ro_blocks[42].ro1 |     0.010 |
|     NAND0           |     0.002 |
|     NOT1            |     0.001 |
|     NOT2            |     0.001 |
|     NOT3            |     0.001 |
|     NOT4            |     0.004 |
|   ro_blocks[42].ro2 |     0.010 |
|     NAND0           |     0.001 |
|     NOT1            |     0.001 |
|     NOT2            |     0.001 |
|     NOT3            |     0.001 |
|     NOT4            |     0.004 |
|   ro_blocks[43].ro1 |     0.009 |
|     NAND0           |     0.001 |
|     NOT1            |     0.001 |
|     NOT2            |     0.001 |
|     NOT3            |     0.001 |
|     NOT4            |     0.004 |
|   ro_blocks[43].ro2 |     0.009 |
|     NAND0           |     0.001 |
|     NOT1            |     0.001 |
|     NOT2            |     0.001 |
|     NOT3            |     0.001 |
|     NOT4            |     0.004 |
|   ro_blocks[44].ro1 |     0.008 |
|     NAND0           |     0.001 |
|     NOT1            |     0.001 |
|     NOT2            |     0.001 |
|     NOT3            |     0.001 |
|     NOT4            |     0.003 |
|   ro_blocks[44].ro2 |     0.009 |
|     NAND0           |     0.001 |
|     NOT1            |     0.001 |
|     NOT2            |     0.001 |
|     NOT3            |     0.001 |
|     NOT4            |     0.004 |
|   ro_blocks[45].ro1 |     0.009 |
|     NAND0           |     0.001 |
|     NOT1            |     0.001 |
|     NOT2            |     0.001 |
|     NOT3            |     0.001 |
|     NOT4            |     0.004 |
|   ro_blocks[45].ro2 |     0.009 |
|     NAND0           |     0.001 |
|     NOT1            |     0.001 |
|     NOT2            |     0.001 |
|     NOT3            |     0.001 |
|     NOT4            |     0.004 |
|   ro_blocks[46].ro1 |     0.009 |
|     NAND0           |     0.001 |
|     NOT1            |     0.001 |
|     NOT2            |     0.001 |
|     NOT3            |     0.001 |
|     NOT4            |     0.004 |
|   ro_blocks[46].ro2 |     0.009 |
|     NAND0           |     0.002 |
|     NOT1            |     0.001 |
|     NOT2            |     0.001 |
|     NOT3            |     0.001 |
|     NOT4            |     0.004 |
|   ro_blocks[47].ro1 |     0.009 |
|     NAND0           |     0.001 |
|     NOT1            |     0.001 |
|     NOT2            |     0.001 |
|     NOT3            |     0.001 |
|     NOT4            |     0.004 |
|   ro_blocks[47].ro2 |     0.009 |
|     NAND0           |     0.001 |
|     NOT1            |     0.001 |
|     NOT2            |     0.001 |
|     NOT3            |     0.001 |
|     NOT4            |     0.004 |
|   ro_blocks[48].ro1 |     0.007 |
|     NAND0           |     0.001 |
|     NOT1            |     0.001 |
|     NOT2            |     0.001 |
|     NOT3            |     0.001 |
|     NOT4            |     0.002 |
|   ro_blocks[48].ro2 |     0.009 |
|     NAND0           |     0.001 |
|     NOT1            |     0.001 |
|     NOT2            |     0.001 |
|     NOT3            |     0.001 |
|     NOT4            |     0.004 |
|   ro_blocks[49].ro1 |     0.009 |
|     NAND0           |     0.002 |
|     NOT1            |     0.001 |
|     NOT2            |     0.001 |
|     NOT3            |     0.001 |
|     NOT4            |     0.003 |
|   ro_blocks[49].ro2 |     0.009 |
|     NAND0           |     0.001 |
|     NOT1            |     0.001 |
|     NOT2            |     0.001 |
|     NOT3            |     0.001 |
|     NOT4            |     0.004 |
|   ro_blocks[4].ro1  |     0.007 |
|     NAND0           |     0.001 |
|     NOT1            |     0.001 |
|     NOT2            |     0.001 |
|     NOT3            |     0.001 |
|     NOT4            |     0.002 |
|   ro_blocks[4].ro2  |     0.009 |
|     NAND0           |     0.001 |
|     NOT1            |     0.001 |
|     NOT2            |     0.001 |
|     NOT3            |     0.001 |
|     NOT4            |     0.004 |
|   ro_blocks[50].ro1 |     0.010 |
|     NAND0           |     0.002 |
|     NOT1            |     0.001 |
|     NOT2            |     0.001 |
|     NOT3            |     0.001 |
|     NOT4            |     0.004 |
|   ro_blocks[50].ro2 |     0.010 |
|     NAND0           |     0.002 |
|     NOT1            |     0.001 |
|     NOT2            |     0.001 |
|     NOT3            |     0.001 |
|     NOT4            |     0.004 |
|   ro_blocks[51].ro1 |     0.009 |
|     NAND0           |     0.002 |
|     NOT1            |     0.001 |
|     NOT2            |     0.001 |
|     NOT3            |     0.001 |
|     NOT4            |     0.004 |
|   ro_blocks[51].ro2 |     0.009 |
|     NAND0           |     0.001 |
|     NOT1            |     0.001 |
|     NOT2            |     0.001 |
|     NOT3            |     0.001 |
|     NOT4            |     0.004 |
|   ro_blocks[52].ro1 |     0.009 |
|     NAND0           |     0.001 |
|     NOT1            |     0.001 |
|     NOT2            |     0.001 |
|     NOT3            |     0.001 |
|     NOT4            |     0.004 |
|   ro_blocks[52].ro2 |     0.009 |
|     NAND0           |     0.001 |
|     NOT1            |     0.001 |
|     NOT2            |     0.001 |
|     NOT3            |     0.001 |
|     NOT4            |     0.004 |
|   ro_blocks[53].ro1 |     0.009 |
|     NAND0           |     0.002 |
|     NOT1            |     0.001 |
|     NOT2            |     0.001 |
|     NOT3            |     0.001 |
|     NOT4            |     0.004 |
|   ro_blocks[53].ro2 |     0.010 |
|     NAND0           |     0.002 |
|     NOT1            |     0.001 |
|     NOT2            |     0.001 |
|     NOT3            |     0.001 |
|     NOT4            |     0.004 |
|   ro_blocks[54].ro1 |     0.009 |
|     NAND0           |     0.002 |
|     NOT1            |     0.001 |
|     NOT2            |     0.001 |
|     NOT3            |     0.001 |
|     NOT4            |     0.004 |
|   ro_blocks[54].ro2 |     0.009 |
|     NAND0           |     0.002 |
|     NOT1            |     0.001 |
|     NOT2            |     0.001 |
|     NOT3            |     0.001 |
|     NOT4            |     0.003 |
|   ro_blocks[55].ro1 |     0.010 |
|     NAND0           |     0.002 |
|     NOT1            |     0.001 |
|     NOT2            |     0.002 |
|     NOT3            |     0.001 |
|     NOT4            |     0.004 |
|   ro_blocks[55].ro2 |     0.009 |
|     NAND0           |     0.002 |
|     NOT1            |     0.001 |
|     NOT2            |     0.001 |
|     NOT3            |     0.001 |
|     NOT4            |     0.004 |
|   ro_blocks[56].ro1 |     0.009 |
|     NAND0           |     0.001 |
|     NOT1            |     0.001 |
|     NOT2            |     0.001 |
|     NOT3            |     0.001 |
|     NOT4            |     0.004 |
|   ro_blocks[56].ro2 |     0.009 |
|     NAND0           |     0.002 |
|     NOT1            |     0.001 |
|     NOT2            |     0.001 |
|     NOT3            |     0.001 |
|     NOT4            |     0.003 |
|   ro_blocks[57].ro1 |     0.009 |
|     NAND0           |     0.001 |
|     NOT1            |     0.001 |
|     NOT2            |     0.001 |
|     NOT3            |     0.001 |
|     NOT4            |     0.004 |
|   ro_blocks[57].ro2 |     0.010 |
|     NAND0           |     0.001 |
|     NOT1            |     0.001 |
|     NOT2            |     0.001 |
|     NOT3            |     0.001 |
|     NOT4            |     0.005 |
|   ro_blocks[58].ro1 |     0.009 |
|     NAND0           |     0.001 |
|     NOT1            |     0.001 |
|     NOT2            |     0.001 |
|     NOT3            |     0.001 |
|     NOT4            |     0.004 |
|   ro_blocks[58].ro2 |     0.009 |
|     NAND0           |     0.001 |
|     NOT1            |     0.001 |
|     NOT2            |     0.001 |
|     NOT3            |     0.003 |
|     NOT4            |     0.002 |
|   ro_blocks[59].ro1 |     0.009 |
|     NAND0           |     0.001 |
|     NOT1            |     0.001 |
|     NOT2            |     0.001 |
|     NOT3            |     0.001 |
|     NOT4            |     0.004 |
|   ro_blocks[59].ro2 |     0.009 |
|     NAND0           |     0.002 |
|     NOT1            |     0.001 |
|     NOT2            |     0.001 |
|     NOT3            |     0.001 |
|     NOT4            |     0.004 |
|   ro_blocks[5].ro1  |     0.009 |
|     NAND0           |     0.002 |
|     NOT1            |     0.001 |
|     NOT2            |     0.001 |
|     NOT3            |     0.001 |
|     NOT4            |     0.004 |
|   ro_blocks[5].ro2  |     0.009 |
|     NAND0           |     0.001 |
|     NOT1            |     0.001 |
|     NOT2            |     0.001 |
|     NOT3            |     0.001 |
|     NOT4            |     0.004 |
|   ro_blocks[60].ro1 |     0.008 |
|     NAND0           |     0.001 |
|     NOT1            |     0.001 |
|     NOT2            |     0.001 |
|     NOT3            |     0.001 |
|     NOT4            |     0.003 |
|   ro_blocks[60].ro2 |     0.009 |
|     NAND0           |     0.001 |
|     NOT1            |     0.001 |
|     NOT2            |     0.001 |
|     NOT3            |     0.001 |
|     NOT4            |     0.004 |
|   ro_blocks[61].ro1 |     0.009 |
|     NAND0           |     0.002 |
|     NOT1            |     0.001 |
|     NOT2            |     0.001 |
|     NOT3            |     0.001 |
|     NOT4            |     0.003 |
|   ro_blocks[61].ro2 |     0.010 |
|     NAND0           |     0.001 |
|     NOT1            |     0.001 |
|     NOT2            |     0.001 |
|     NOT3            |     0.001 |
|     NOT4            |     0.004 |
|   ro_blocks[62].ro1 |     0.009 |
|     NAND0           |     0.002 |
|     NOT1            |     0.001 |
|     NOT2            |     0.001 |
|     NOT3            |     0.001 |
|     NOT4            |     0.003 |
|   ro_blocks[62].ro2 |     0.009 |
|     NAND0           |     0.001 |
|     NOT1            |     0.001 |
|     NOT2            |     0.001 |
|     NOT3            |     0.001 |
|     NOT4            |     0.004 |
|   ro_blocks[63].ro1 |     0.010 |
|     NAND0           |     0.002 |
|     NOT1            |     0.001 |
|     NOT2            |     0.001 |
|     NOT3            |     0.001 |
|     NOT4            |     0.004 |
|   ro_blocks[63].ro2 |     0.009 |
|     NAND0           |     0.001 |
|     NOT1            |     0.001 |
|     NOT2            |     0.001 |
|     NOT3            |     0.001 |
|     NOT4            |     0.004 |
|   ro_blocks[6].ro1  |     0.009 |
|     NAND0           |     0.002 |
|     NOT1            |     0.001 |
|     NOT2            |     0.001 |
|     NOT3            |     0.001 |
|     NOT4            |     0.004 |
|   ro_blocks[6].ro2  |     0.009 |
|     NAND0           |     0.002 |
|     NOT1            |     0.001 |
|     NOT2            |     0.001 |
|     NOT3            |     0.001 |
|     NOT4            |     0.003 |
|   ro_blocks[7].ro1  |     0.009 |
|     NAND0           |     0.001 |
|     NOT1            |     0.001 |
|     NOT2            |     0.001 |
|     NOT3            |     0.001 |
|     NOT4            |     0.004 |
|   ro_blocks[7].ro2  |     0.009 |
|     NAND0           |     0.001 |
|     NOT1            |     0.001 |
|     NOT2            |     0.001 |
|     NOT3            |     0.001 |
|     NOT4            |     0.004 |
|   ro_blocks[8].ro1  |     0.009 |
|     NAND0           |     0.002 |
|     NOT1            |     0.001 |
|     NOT2            |     0.001 |
|     NOT3            |     0.001 |
|     NOT4            |     0.003 |
|   ro_blocks[8].ro2  |     0.009 |
|     NAND0           |     0.001 |
|     NOT1            |     0.001 |
|     NOT2            |     0.001 |
|     NOT3            |     0.001 |
|     NOT4            |     0.004 |
|   ro_blocks[9].ro1  |     0.008 |
|     NAND0           |     0.001 |
|     NOT1            |     0.001 |
|     NOT2            |     0.001 |
|     NOT3            |     0.001 |
|     NOT4            |     0.003 |
|   ro_blocks[9].ro2  |     0.009 |
|     NAND0           |     0.001 |
|     NOT1            |     0.001 |
|     NOT2            |     0.001 |
|     NOT3            |     0.001 |
|     NOT4            |     0.004 |
+---------------------+-----------+


